#
# A fatal error has been detected by the Java Runtime Environment:
#
#  SIGSEGV (0xb) at pc=0x0000000000000e65, pid=28495, tid=0x0000000000007003
#
# JRE version: Java(TM) SE Runtime Environment (8.0_301-b09) (build 1.8.0_301-b09)
# Java VM: Java HotSpot(TM) 64-Bit Server VM (25.301-b09 mixed mode bsd-amd64 compressed oops)
# Problematic frame:
# C  0x0000000000000e65
#
# Failed to write core dump. Core dumps have been disabled. To enable core dumping, try "ulimit -c unlimited" before starting Java again
#
# If you would like to submit a bug report, please visit:
#   http://bugreport.java.com/bugreport/crash.jsp
#

---------------  T H R E A D  ---------------

Current thread (0x00007fab44ada800):  JavaThread "background-preinit" [_thread_in_vm, id=28675, stack(0x0000000309c03000,0x0000000309d03000)]

siginfo: si_signo: 11 (SIGSEGV), si_code: 1 (SEGV_MAPERR), si_addr: 0x0000000000000e65

Registers:
RAX=0x0000000000000200, RBX=0x0000000000000e65, RCX=0x000000010bc62dc8, RDX=0x0000000000007328
RSP=0x0000000309cfbc68, RBP=0x000000010b6d2f7f, RSI=0x00000000000591e0, RDI=0x000000000000002e
R8 =0x000000076d7e05e0, R9 =0x000000010bc6b730, R10=0x000000010bc6232b, R11=0x0000600002681338
R12=0x0000000000000e67, R13=0x000000076d7e05e0, R14=0x00000000000591e0, R15=0x000000000000b23c
RIP=0x0000000000000e65, EFLAGS=0x0000000000000212, ERR=0x0000000000000014
  TRAPNO=0x000000000000000e

Top of Stack: (sp=0x0000000309cfbc68)
0x0000000309cfbc68:   00007fab44ada858 00000007c00007a8
0x0000000309cfbc78:   0000000000000e65 00000007c00007a8
0x0000000309cfbc88:   00007fab44ada800 00007fab44ada800
0x0000000309cfbc98:   000000076d7df248 0000000309cfbce0
0x0000000309cfbca8:   000000010b890bf9 0000000309cfbce0
0x0000000309cfbcb8:   000000010b81efeb 0000000000007312
0x0000000309cfbcc8:   00000007c00007a8 0000000100000e65
0x0000000309cfbcd8:   0000000000007312 0000000309cfbd30
0x0000000309cfbce8:   000000010babb4e7 00007fab44ada800
0x0000000309cfbcf8:   00007fab44adaa00 0000000109cfbd10
0x0000000309cfbd08:   00007fab44ada800 00007fab44adaa00
0x0000000309cfbd18:   00007fab4523dce8 00007fab44adaa00
0x0000000309cfbd28:   0000000000007312 0000000309cfbd90
0x0000000309cfbd38:   000000010b85786d 0000000309cfbd70
0x0000000309cfbd48:   00007fab44ada800 0000000000000000
0x0000000309cfbd58:   00007fab44adaa00 00006000018880e0
0x0000000309cfbd68:   00007fab44ada800 00007fab44ada800
0x0000000309cfbd78:   0000000000000000 00006000018880e0
0x0000000309cfbd88:   00007fab4523dcf8 0000000309cfbdf0
0x0000000309cfbd98:   000000010a86e74c 0000000000000000
0x0000000309cfbda8:   00007fab4523dcf0 0000000000000000
0x0000000309cfbdb8:   00007fab44adaa00 0000000000000000
0x0000000309cfbdc8:   00007fab44adaa00 0000000000000000
0x0000000309cfbdd8:   00007fab4523dce8 00006000018880e8
0x0000000309cfbde8:   00007fab34807bb0 0000000309cfbe90
0x0000000309cfbdf8:   000000010a86d8f1 0000000000007312
0x0000000309cfbe08:   00007fab34303200 0000000309cfbf14
0x0000000309cfbe18:   0000000309cfbf08 0000000000000000
0x0000000309cfbe28:   000000010a86d8be 0000600002453690
0x0000000309cfbe38:   00007fab4523dcf0 0000000000007312
0x0000000309cfbe48:   00007fab34303200 0000000309cfbf14
0x0000000309cfbe58:   0000000309cfbf08 0000000000000000 

Instructions: (pc=0x0000000000000e65)
0x0000000000000e45:   
[error occurred during error reporting (printing registers, top of stack, instructions near pc), id 0xb]

Register to memory mapping:

RAX=0x0000000000000200 is an unknown value
RBX=0x0000000000000e65 is an unknown value
RCX=0x000000010bc62dc8: _ZN3Jfr13_jvm_producerE+0 in /Library/Java/JavaVirtualMachines/jdk1.8.0_301.jdk/Contents/Home/jre/lib/server/libjvm.dylib at 0x000000010b548000
RDX=0x0000000000007328 is an unknown value
RSP=0x0000000309cfbc68 is pointing into the stack for thread: 0x00007fab44ada800
RBP=0x000000010b6d2f7f: _ZN13CollectedHeap23allocate_from_tlab_slowE11KlassHandleP6Threadm+0x129 in /Library/Java/JavaVirtualMachines/jdk1.8.0_301.jdk/Contents/Home/jre/lib/server/libjvm.dylib at 0x000000010b548000
RSI=0x00000000000591e0 is an unknown value
RDI=0x000000000000002e is an unknown value
R8 =0x000000076d7e05e0 is an oop
java.util.concurrent.ConcurrentHashMap$Node 
 - klass: 'java/util/concurrent/ConcurrentHashMap$Node'
R9 =0x000000010bc6b730: _ZN2os16_processor_countE+0 in /Library/Java/JavaVirtualMachines/jdk1.8.0_301.jdk/Contents/Home/jre/lib/server/libjvm.dylib at 0x000000010b548000
R10=0x000000010bc6232b: AssumeMP+0 in /Library/Java/JavaVirtualMachines/jdk1.8.0_301.jdk/Contents/Home/jre/lib/server/libjvm.dylib at 0x000000010b548000
R11=0x0000600002681338 is an unknown value
R12=0x0000000000000e67 is an unknown value
R13=0x000000076d7e05e0 is an oop
java.util.concurrent.ConcurrentHashMap$Node 
 - klass: 'java/util/concurrent/ConcurrentHashMap$Node'
R14=0x00000000000591e0 is an unknown value
R15=0x000000000000b23c is an unknown value


Stack: [0x0000000309c03000,0x0000000309d03000],  sp=0x0000000309cfbc68,  free space=995k
Native frames: (J=compiled Java code, j=interpreted, Vv=VM code, C=native code)
C  0x0000000000000e65

Java frames: (J=compiled Java code, j=interpreted, Vv=VM code)
J 822  java.lang.ClassLoader.defineClass1(Ljava/lang/String;[BIILjava/security/ProtectionDomain;Ljava/lang/String;)Ljava/lang/Class; (0 bytes) @ 0x000000010d5a7791 [0x000000010d5a7700+0x91]
J 755 C1 java.lang.ClassLoader.defineClass(Ljava/lang/String;[BIILjava/security/ProtectionDomain;)Ljava/lang/Class; (43 bytes) @ 0x000000010d5888c4 [0x000000010d5887c0+0x104]
J 761 C1 java.net.URLClassLoader.defineClass(Ljava/lang/String;Lsun/misc/Resource;)Ljava/lang/Class; (142 bytes) @ 0x000000010d58ca64 [0x000000010d58c080+0x9e4]
J 704 C1 java.net.URLClassLoader$1.run()Ljava/lang/Class; (63 bytes) @ 0x000000010d56bcc4 [0x000000010d56bc00+0xc4]
J 703 C1 java.net.URLClassLoader$1.run()Ljava/lang/Object; (5 bytes) @ 0x000000010d56b8b4 [0x000000010d56b880+0x34]
v  ~StubRoutines::call_stub
J 529  java.security.AccessController.doPrivileged(Ljava/security/PrivilegedExceptionAction;Ljava/security/AccessControlContext;)Ljava/lang/Object; (0 bytes) @ 0x000000010d50b0e3 [0x000000010d50b080+0x63]
J 634 C1 java.net.URLClassLoader.findClass(Ljava/lang/String;)Ljava/lang/Class; (47 bytes) @ 0x000000010d542f64 [0x000000010d542ea0+0xc4]
J 507 C1 java.lang.ClassLoader.loadClass(Ljava/lang/String;Z)Ljava/lang/Class; (122 bytes) @ 0x000000010d502c34 [0x000000010d502920+0x314]
J 611 C1 sun.misc.Launcher$AppClassLoader.loadClass(Ljava/lang/String;Z)Ljava/lang/Class; (85 bytes) @ 0x000000010d53482c [0x000000010d534540+0x2ec]
J 603 C1 java.lang.ClassLoader.loadClass(Ljava/lang/String;)Ljava/lang/Class; (7 bytes) @ 0x000000010d5319c4 [0x000000010d531980+0x44]
v  ~StubRoutines::call_stub
J 822  java.lang.ClassLoader.defineClass1(Ljava/lang/String;[BIILjava/security/ProtectionDomain;Ljava/lang/String;)Ljava/lang/Class; (0 bytes) @ 0x000000010d5a7791 [0x000000010d5a7700+0x91]
J 755 C1 java.lang.ClassLoader.defineClass(Ljava/lang/String;[BIILjava/security/ProtectionDomain;)Ljava/lang/Class; (43 bytes) @ 0x000000010d5888c4 [0x000000010d5887c0+0x104]
J 761 C1 java.net.URLClassLoader.defineClass(Ljava/lang/String;Lsun/misc/Resource;)Ljava/lang/Class; (142 bytes) @ 0x000000010d58ca64 [0x000000010d58c080+0x9e4]
J 704 C1 java.net.URLClassLoader$1.run()Ljava/lang/Class; (63 bytes) @ 0x000000010d56bcc4 [0x000000010d56bc00+0xc4]
J 703 C1 java.net.URLClassLoader$1.run()Ljava/lang/Object; (5 bytes) @ 0x000000010d56b8b4 [0x000000010d56b880+0x34]
v  ~StubRoutines::call_stub
J 529  java.security.AccessController.doPrivileged(Ljava/security/PrivilegedExceptionAction;Ljava/security/AccessControlContext;)Ljava/lang/Object; (0 bytes) @ 0x000000010d50b0e3 [0x000000010d50b080+0x63]
J 634 C1 java.net.URLClassLoader.findClass(Ljava/lang/String;)Ljava/lang/Class; (47 bytes) @ 0x000000010d542f64 [0x000000010d542ea0+0xc4]
J 507 C1 java.lang.ClassLoader.loadClass(Ljava/lang/String;Z)Ljava/lang/Class; (122 bytes) @ 0x000000010d502c34 [0x000000010d502920+0x314]
J 611 C1 sun.misc.Launcher$AppClassLoader.loadClass(Ljava/lang/String;Z)Ljava/lang/Class; (85 bytes) @ 0x000000010d53482c [0x000000010d534540+0x2ec]
J 603 C1 java.lang.ClassLoader.loadClass(Ljava/lang/String;)Ljava/lang/Class; (7 bytes) @ 0x000000010d5319c4 [0x000000010d531980+0x44]
v  ~StubRoutines::call_stub
J 822  java.lang.ClassLoader.defineClass1(Ljava/lang/String;[BIILjava/security/ProtectionDomain;Ljava/lang/String;)Ljava/lang/Class; (0 bytes) @ 0x000000010d5a7791 [0x000000010d5a7700+0x91]
J 755 C1 java.lang.ClassLoader.defineClass(Ljava/lang/String;[BIILjava/security/ProtectionDomain;)Ljava/lang/Class; (43 bytes) @ 0x000000010d5888c4 [0x000000010d5887c0+0x104]
J 761 C1 java.net.URLClassLoader.defineClass(Ljava/lang/String;Lsun/misc/Resource;)Ljava/lang/Class; (142 bytes) @ 0x000000010d58ca64 [0x000000010d58c080+0x9e4]
J 704 C1 java.net.URLClassLoader$1.run()Ljava/lang/Class; (63 bytes) @ 0x000000010d56bcc4 [0x000000010d56bc00+0xc4]
J 703 C1 java.net.URLClassLoader$1.run()Ljava/lang/Object; (5 bytes) @ 0x000000010d56b8b4 [0x000000010d56b880+0x34]
v  ~StubRoutines::call_stub
J 529  java.security.AccessController.doPrivileged(Ljava/security/PrivilegedExceptionAction;Ljava/security/AccessControlContext;)Ljava/lang/Object; (0 bytes) @ 0x000000010d50b0e3 [0x000000010d50b080+0x63]
J 634 C1 java.net.URLClassLoader.findClass(Ljava/lang/String;)Ljava/lang/Class; (47 bytes) @ 0x000000010d542f64 [0x000000010d542ea0+0xc4]
J 507 C1 java.lang.ClassLoader.loadClass(Ljava/lang/String;Z)Ljava/lang/Class; (122 bytes) @ 0x000000010d502c34 [0x000000010d502920+0x314]
J 611 C1 sun.misc.Launcher$AppClassLoader.loadClass(Ljava/lang/String;Z)Ljava/lang/Class; (85 bytes) @ 0x000000010d53482c [0x000000010d534540+0x2ec]
J 603 C1 java.lang.ClassLoader.loadClass(Ljava/lang/String;)Ljava/lang/Class; (7 bytes) @ 0x000000010d5319c4 [0x000000010d531980+0x44]
v  ~StubRoutines::call_stub
j  com.fasterxml.jackson.databind.ObjectMapper.<init>(Lcom/fasterxml/jackson/core/JsonFactory;Lcom/fasterxml/jackson/databind/ser/DefaultSerializerProvider;Lcom/fasterxml/jackson/databind/deser/DefaultDeserializationContext;)V+231
j  com.fasterxml.jackson.databind.ObjectMapper.<init>()V+4
j  org.springframework.http.converter.json.Jackson2ObjectMapperBuilder.build()Lcom/fasterxml/jackson/databind/ObjectMapper;+83
j  org.springframework.http.converter.json.MappingJackson2HttpMessageConverter.<init>()V+4
j  org.springframework.http.converter.support.AllEncompassingFormHttpMessageConverter.<init>()V+59
j  org.springframework.boot.autoconfigure.BackgroundPreinitializer$MessageConverterInitializer.run()V+4
j  org.springframework.boot.autoconfigure.BackgroundPreinitializer$1.runSafely(Ljava/lang/Runnable;)V+1
j  org.springframework.boot.autoconfigure.BackgroundPreinitializer$1.run()V+33
j  java.lang.Thread.run()V+11
v  ~StubRoutines::call_stub

---------------  P R O C E S S  ---------------

Java Threads: ( => current thread )
=>0x00007fab44ada800 JavaThread "background-preinit" [_thread_in_vm, id=28675, stack(0x0000000309c03000,0x0000000309d03000)]
  0x00007fab34293000 JavaThread "Attach Listener" daemon [_thread_blocked, id=40451, stack(0x0000000309b00000,0x0000000309c00000)]
  0x00007fab3410a800 JavaThread "RMI TCP Accept-0" daemon [_thread_in_native, id=26351, stack(0x00000003098fa000,0x00000003099fa000)]
  0x00007fab45cd0000 JavaThread "Service Thread" daemon [_thread_blocked, id=41235, stack(0x00000003097f7000,0x00000003098f7000)]
  0x00007fab3580b000 JavaThread "C1 CompilerThread3" daemon [_thread_in_vm, id=41731, stack(0x00000003096f4000,0x00000003097f4000)]
  0x00007fab35008800 JavaThread "C2 CompilerThread2" daemon [_thread_blocked, id=24323, stack(0x00000003095f1000,0x00000003096f1000)]
  0x00007fab449c5800 JavaThread "C2 CompilerThread1" daemon [_thread_blocked, id=42251, stack(0x00000003094ee000,0x00000003095ee000)]
  0x00007fab46019000 JavaThread "C2 CompilerThread0" daemon [_thread_blocked, id=23575, stack(0x00000003093eb000,0x00000003094eb000)]
  0x00007fab3580e800 JavaThread "Async-profiler Timer" daemon [_thread_in_native, id=22047, stack(0x00000003092e5000,0x0000000309365000)]
  0x00007fab3500b000 JavaThread "Monitor Ctrl-Break" daemon [_thread_in_native, id=16199, stack(0x00000003091e2000,0x00000003092e2000)]
  0x00007fab34055000 JavaThread "Signal Dispatcher" daemon [_thread_blocked, id=15875, stack(0x00000003090df000,0x00000003091df000)]
  0x00007fab45812800 JavaThread "Finalizer" daemon [_thread_blocked, id=13855, stack(0x0000000308ecb000,0x0000000308fcb000)]
  0x00007fab34053800 JavaThread "Reference Handler" daemon [_thread_blocked, id=18979, stack(0x0000000308dc8000,0x0000000308ec8000)]
  0x00007fab45815000 JavaThread "main" [_thread_in_Java, id=9219, stack(0x00000003083aa000,0x00000003084aa000)]

Other Threads:
  0x00007fab3404f000 VMThread [stack: 0x0000000308cc5000,0x0000000308dc5000] [id=19203]
  0x00007fab45e29800 WatcherThread [stack: 0x00000003099fd000,0x0000000309afd000] [id=26891]

VM state:not at safepoint (normal execution)

VM Mutex/Monitor currently owned by a thread: None

heap address: 0x00000006c0000000, size: 4096 MB, Compressed Oops mode: Zero based, Oop shift amount: 3
Narrow klass base: 0x0000000000000000, Narrow klass shift: 3
Compressed class space size: 1073741824 Address: 0x00000007c0000000

Heap:
 PSYoungGen      total 76288K, used 54804K [0x000000076ab00000, 0x0000000770000000, 0x00000007c0000000)
  eden space 65536K, 72% used [0x000000076ab00000,0x000000076d96dcb0,0x000000076eb00000)
  from space 10752K, 67% used [0x000000076eb00000,0x000000076f217668,0x000000076f580000)
  to   space 10752K, 0% used [0x000000076f580000,0x000000076f580000,0x0000000770000000)
 ParOldGen       total 175104K, used 8K [0x00000006c0000000, 0x00000006cab00000, 0x000000076ab00000)
  object space 175104K, 0% used [0x00000006c0000000,0x00000006c0002000,0x00000006cab00000)
 Metaspace       used 17149K, capacity 17950K, committed 18048K, reserved 1064960K
  class space    used 2230K, capacity 2427K, committed 2432K, reserved 1048576K

Card table byte_map: [0x000000011c6eb000,0x000000011ceec000] byte_map_base: 0x00000001190eb000

Marking Bits: (ParMarkBitMap*) 0x000000010bc6c298
 Begin Bits: [0x000000011d442000, 0x0000000121442000)
 End Bits:   [0x0000000121442000, 0x0000000125442000)

Polling page: 0x000000010a785000

CodeCache: size=245760Kb used=3714Kb max_used=3714Kb free=242045Kb
 bounds [0x000000010d32b000, 0x000000010d6db000, 0x000000011c32b000]
 total_blobs=1880 nmethods=1512 adapters=282
 compilation: enabled

Compilation events (10 events):
Event: 2.197 Thread 0x00007fab3580b000 1507       1       java.util.Hashtable::keySet (29 bytes)
Event: 2.197 Thread 0x00007fab3580b000 nmethod 1507 0x000000010d6c94d0 code [0x000000010d6c9640, 0x000000010d6c9948]
Event: 2.197 Thread 0x00007fab3580b000 1508       1       java.util.Hashtable$KeySet::iterator (9 bytes)
Event: 2.197 Thread 0x00007fab3580b000 nmethod 1508 0x000000010d6c9c10 code [0x000000010d6c9d80, 0x000000010d6c9f48]
Event: 2.198 Thread 0x00007fab3580b000 1509       1       java.lang.invoke.ConstantCallSite::getTarget (20 bytes)
Event: 2.198 Thread 0x00007fab3580b000 nmethod 1509 0x000000010d6ca0d0 code [0x000000010d6ca240, 0x000000010d6ca408]
Event: 2.199 Thread 0x00007fab3580b000 1510       1       java.lang.invoke.BoundMethodHandle::<init> (32 bytes)
Event: 2.200 Thread 0x00007fab3580b000 nmethod 1510 0x000000010d6ca550 code [0x000000010d6ca6c0, 0x000000010d6ca878]
Event: 2.201 Thread 0x00007fab3580b000 1511       1       java.util.Calendar::internalSet (8 bytes)
Event: 2.201 Thread 0x00007fab3580b000 nmethod 1511 0x000000010d6caa90 code [0x000000010d6cabe0, 0x000000010d6cad10]

GC Heap History (2 events):
Event: 1.917 GC heap before
{Heap before GC invocations=1 (full 0):
 PSYoungGen      total 76288K, used 65536K [0x000000076ab00000, 0x0000000770000000, 0x00000007c0000000)
  eden space 65536K, 100% used [0x000000076ab00000,0x000000076eb00000,0x000000076eb00000)
  from space 10752K, 0% used [0x000000076f580000,0x000000076f580000,0x0000000770000000)
  to   space 10752K, 0% used [0x000000076eb00000,0x000000076eb00000,0x000000076f580000)
 ParOldGen       total 175104K, used 0K [0x00000006c0000000, 0x00000006cab00000, 0x000000076ab00000)
  object space 175104K, 0% used [0x00000006c0000000,0x00000006c0000000,0x00000006cab00000)
 Metaspace       used 13178K, capacity 13664K, committed 13952K, reserved 1060864K
  class space    used 1671K, capacity 1802K, committed 1920K, reserved 1048576K
Event: 1.937 GC heap after
Heap after GC invocations=1 (full 0):
 PSYoungGen      total 76288K, used 7261K [0x000000076ab00000, 0x0000000770000000, 0x00000007c0000000)
  eden space 65536K, 0% used [0x000000076ab00000,0x000000076ab00000,0x000000076eb00000)
  from space 10752K, 67% used [0x000000076eb00000,0x000000076f217668,0x000000076f580000)
  to   space 10752K, 0% used [0x000000076f580000,0x000000076f580000,0x0000000770000000)
 ParOldGen       total 175104K, used 8K [0x00000006c0000000, 0x00000006cab00000, 0x000000076ab00000)
  object space 175104K, 0% used [0x00000006c0000000,0x00000006c0002000,0x00000006cab00000)
 Metaspace       used 13178K, capacity 13664K, committed 13952K, reserved 1060864K
  class space    used 1671K, capacity 1802K, committed 1920K, reserved 1048576K
}

Deoptimization events (0 events):
No events

Classes redefined (0 events):
No events

Internal exceptions (10 events):
Event: 2.126 Thread 0x00007fab45815000 Exception <a 'java/lang/ArrayIndexOutOfBoundsException'> (0x000000076c002810) thrown at [/System/Volumes/Data/jenkins/workspace/8-2-build-macosx-x86_64/jdk8u301/1513/hotspot/src/share/vm/runtime/sharedRuntime.cpp, line 609]
Event: 2.126 Thread 0x00007fab45815000 Exception <a 'java/lang/ArrayIndexOutOfBoundsException'> (0x000000076c00fea0) thrown at [/System/Volumes/Data/jenkins/workspace/8-2-build-macosx-x86_64/jdk8u301/1513/hotspot/src/share/vm/runtime/sharedRuntime.cpp, line 609]
Event: 2.177 Thread 0x00007fab45815000 Exception <a 'java/lang/ArrayIndexOutOfBoundsException'> (0x000000076cf09b88) thrown at [/System/Volumes/Data/jenkins/workspace/8-2-build-macosx-x86_64/jdk8u301/1513/hotspot/src/share/vm/runtime/sharedRuntime.cpp, line 609]
Event: 2.178 Thread 0x00007fab45815000 Exception <a 'java/lang/ArrayIndexOutOfBoundsException'> (0x000000076cf0cc40) thrown at [/System/Volumes/Data/jenkins/workspace/8-2-build-macosx-x86_64/jdk8u301/1513/hotspot/src/share/vm/runtime/sharedRuntime.cpp, line 609]
Event: 2.178 Thread 0x00007fab45815000 Exception <a 'java/lang/ArrayIndexOutOfBoundsException'> (0x000000076cf2f1f0) thrown at [/System/Volumes/Data/jenkins/workspace/8-2-build-macosx-x86_64/jdk8u301/1513/hotspot/src/share/vm/runtime/sharedRuntime.cpp, line 609]
Event: 2.179 Thread 0x00007fab45815000 Exception <a 'java/lang/ArrayIndexOutOfBoundsException'> (0x000000076cf4b068) thrown at [/System/Volumes/Data/jenkins/workspace/8-2-build-macosx-x86_64/jdk8u301/1513/hotspot/src/share/vm/runtime/sharedRuntime.cpp, line 609]
Event: 2.181 Thread 0x00007fab45815000 Exception <a 'java/lang/ArrayIndexOutOfBoundsException'> (0x000000076cf6bd08) thrown at [/System/Volumes/Data/jenkins/workspace/8-2-build-macosx-x86_64/jdk8u301/1513/hotspot/src/share/vm/runtime/sharedRuntime.cpp, line 609]
Event: 2.182 Thread 0x00007fab45815000 Exception <a 'java/lang/ArrayIndexOutOfBoundsException'> (0x000000076cf79580) thrown at [/System/Volumes/Data/jenkins/workspace/8-2-build-macosx-x86_64/jdk8u301/1513/hotspot/src/share/vm/runtime/sharedRuntime.cpp, line 609]
Event: 2.183 Thread 0x00007fab45815000 Exception <a 'java/lang/ArrayIndexOutOfBoundsException'> (0x000000076cf81f58) thrown at [/System/Volumes/Data/jenkins/workspace/8-2-build-macosx-x86_64/jdk8u301/1513/hotspot/src/share/vm/runtime/sharedRuntime.cpp, line 609]
Event: 2.201 Thread 0x00007fab45815000 Exception <a 'java/lang/NoSuchMethodError': org.slf4j.impl.StaticMDCBinder.getSingleton()Lorg/slf4j/impl/StaticMDCBinder;> (0x000000076d2ed638) thrown at [/System/Volumes/Data/jenkins/workspace/8-2-build-macosx-x86_64/jdk8u301/1513/hotspot/src/share/vm/in

Events (10 events):
Event: 2.202 loading class com/fasterxml/jackson/databind/ser/DefaultSerializerProvider
Event: 2.202 loading class com/fasterxml/jackson/databind/ser/DefaultSerializerProvider done
Event: 2.202 loading class org/springframework/beans/factory/xml/XmlBeanDefinitionReader
Event: 2.202 loading class org/springframework/beans/factory/xml/XmlBeanDefinitionReader done
Event: 2.202 loading class com/fasterxml/jackson/databind/SerializerProvider
Event: 2.202 loading class com/fasterxml/jackson/databind/SerializerProvider done
Event: 2.203 loading class org/springframework/beans/factory/support/AbstractBeanDefinitionReader
Event: 2.203 loading class org/springframework/beans/factory/support/AbstractBeanDefinitionReader done
Event: 2.203 loading class org/springframework/beans/factory/support/BeanDefinitionReader
Event: 2.203 loading class org/springframework/beans/factory/support/BeanDefinitionReader done


Dynamic libraries:
0x00007ff820fdc000 	/System/Library/Frameworks/Cocoa.framework/Versions/A/Cocoa
0x00007ff80c87d000 	/System/Library/Frameworks/AppKit.framework/Versions/C/AppKit
0x00007ff80fdcd000 	/System/Library/Frameworks/CoreData.framework/Versions/A/CoreData
0x00007ff80ac98000 	/System/Library/Frameworks/Foundation.framework/Versions/C/Foundation
0x00007ff8150c0000 	/usr/lib/libSystem.B.dylib
0x00007ff80d70a000 	/System/Library/PrivateFrameworks/UIFoundation.framework/Versions/A/UIFoundation
0x00007ff81afb4000 	/System/Library/PrivateFrameworks/RemoteViewServices.framework/Versions/A/RemoteViewServices
0x00007ff8132b3000 	/System/Library/PrivateFrameworks/XCTTargetBootstrap.framework/Versions/A/XCTTargetBootstrap
0x00007ff816f8b000 	/System/Library/PrivateFrameworks/InternationalSupport.framework/Versions/A/InternationalSupport
0x00007ff817015000 	/System/Library/PrivateFrameworks/UserActivity.framework/Versions/A/UserActivity
0x00007ff816372000 	/usr/lib/libspindump.dylib
0x00007ff80d998000 	/System/Library/Frameworks/UniformTypeIdentifiers.framework/Versions/A/UniformTypeIdentifiers
0x00007ff8119f2000 	/usr/lib/libapp_launch_measurement.dylib
0x00007ff8107a7000 	/System/Library/PrivateFrameworks/CoreAnalytics.framework/Versions/A/CoreAnalytics
0x00007ff8119f5000 	/System/Library/PrivateFrameworks/CoreAutoLayout.framework/Versions/A/CoreAutoLayout
0x00007ff812c14000 	/System/Library/Frameworks/Metal.framework/Versions/A/Metal
0x00007ff81392b000 	/usr/lib/liblangid.dylib
0x00007ff8132b7000 	/System/Library/PrivateFrameworks/CoreSVG.framework/Versions/A/CoreSVG
0x00007ff80ed5a000 	/System/Library/PrivateFrameworks/SkyLight.framework/Versions/A/SkyLight
0x00007ff80f0eb000 	/System/Library/Frameworks/CoreGraphics.framework/Versions/A/CoreGraphics
0x00007ff81b61f000 	/System/Library/Frameworks/Accelerate.framework/Versions/A/Accelerate
0x00007ff815ded000 	/System/Library/PrivateFrameworks/IconServices.framework/Versions/A/IconServices
0x00007ff812bf9000 	/System/Library/Frameworks/IOSurface.framework/Versions/A/IOSurface
0x00007ff8107d5000 	/usr/lib/libDiagnosticMessagesClient.dylib
0x00007ff814fda000 	/usr/lib/libz.1.dylib
0x00007ff81ec7e000 	/System/Library/Frameworks/ApplicationServices.framework/Versions/A/ApplicationServices
0x00007ff81329f000 	/System/Library/PrivateFrameworks/DFRFoundation.framework/Versions/A/DFRFoundation
0x00007ff80c16e000 	/usr/lib/libicucore.A.dylib
0x00007ff817cad000 	/System/Library/Frameworks/AudioToolbox.framework/Versions/A/AudioToolbox
0x00007ff816f97000 	/System/Library/PrivateFrameworks/DataDetectorsCore.framework/Versions/A/DataDetectorsCore
0x00007ff91272c000 	/System/Library/PrivateFrameworks/TextInput.framework/Versions/A/TextInput
0x00007ff80ecdd000 	/usr/lib/libMobileGestalt.dylib
0x00007ff812fa7000 	/System/Library/Frameworks/Carbon.framework/Versions/A/Frameworks/HIToolbox.framework/Versions/A/HIToolbox
0x00007ff811420000 	/System/Library/Frameworks/QuartzCore.framework/Versions/A/QuartzCore
0x00007ff80be0f000 	/System/Library/Frameworks/Security.framework/Versions/A/Security
0x00007ff81afec000 	/System/Library/Frameworks/Carbon.framework/Versions/A/Frameworks/SpeechRecognition.framework/Versions/A/SpeechRecognition
0x00007ff811752000 	/System/Library/PrivateFrameworks/CoreUI.framework/Versions/A/CoreUI
0x00007ff80b6e9000 	/System/Library/Frameworks/CoreAudio.framework/Versions/A/CoreAudio
0x00007ff8108c3000 	/System/Library/Frameworks/DiskArbitration.framework/Versions/A/DiskArbitration
0x00007ff816755000 	/System/Library/PrivateFrameworks/MultitouchSupport.framework/Versions/A/MultitouchSupport
0x00007ff80ecdc000 	/usr/lib/libenergytrace.dylib
0x00007ff80c769000 	/System/Library/Frameworks/IOKit.framework/Versions/A/IOKit
0x00007ff81b3d6000 	/System/Library/Frameworks/CoreServices.framework/Versions/A/CoreServices
0x00007ff81198c000 	/System/Library/PrivateFrameworks/PerformanceAnalysis.framework/Versions/A/PerformanceAnalysis
0x00007ffa2219b000 	/System/Library/Frameworks/OpenGL.framework/Versions/A/OpenGL
0x00007ff814612000 	/System/Library/PrivateFrameworks/MobileKeyBag.framework/Versions/A/MobileKeyBag
0x00007ff809d30000 	/usr/lib/libobjc.A.dylib
0x00007ff80f81a000 	/System/Library/Frameworks/ColorSync.framework/Versions/A/ColorSync
0x00007ff809eec000 	/System/Library/Frameworks/CoreFoundation.framework/Versions/A/CoreFoundation
0x00007ff813532000 	/System/Library/Frameworks/CoreImage.framework/Versions/A/CoreImage
0x00007ff80b4ff000 	/System/Library/Frameworks/CoreText.framework/Versions/A/CoreText
0x00007ff8132e6000 	/System/Library/Frameworks/ImageIO.framework/Versions/A/ImageIO
0x00007ff8150c6000 	/System/Library/PrivateFrameworks/SoftLinking.framework/Versions/A/SoftLinking
0x00007ff811a3d000 	/usr/lib/libxml2.2.dylib
0x00007ff809df9000 	/usr/lib/libc++.1.dylib
0x00007ff815346000 	/usr/lib/libcompression.dylib
0x00007ff816ec1000 	/System/Library/PrivateFrameworks/TextureIO.framework/Versions/A/TextureIO
0x00007ff815a66000 	/usr/lib/libate.dylib
0x00007ff8150bb000 	/usr/lib/system/libcache.dylib
0x00007ff815077000 	/usr/lib/system/libcommonCrypto.dylib
0x00007ff8150a0000 	/usr/lib/system/libcompiler_rt.dylib
0x00007ff815096000 	/usr/lib/system/libcopyfile.dylib
0x00007ff809c2a000 	/usr/lib/system/libcorecrypto.dylib
0x00007ff809ce9000 	/usr/lib/system/libdispatch.dylib
0x00007ff809eab000 	/usr/lib/system/libdyld.dylib
0x00007ff8150b2000 	/usr/lib/system/libkeymgr.dylib
0x00007ff815055000 	/usr/lib/system/libmacho.dylib
0x00007ff8146e6000 	/usr/lib/system/libquarantine.dylib
0x00007ff8150b0000 	/usr/lib/system/libremovefile.dylib
0x00007ff80ed29000 	/usr/lib/system/libsystem_asl.dylib
0x00007ff809bd8000 	/usr/lib/system/libsystem_blocks.dylib
0x00007ff809d70000 	/usr/lib/system/libsystem_c.dylib
0x00007ff8150a8000 	/usr/lib/system/libsystem_collections.dylib
0x00007ff81391c000 	/usr/lib/system/libsystem_configuration.dylib
0x00007ff812bdc000 	/usr/lib/system/libsystem_containermanager.dylib
0x00007ff814d8e000 	/usr/lib/system/libsystem_coreservices.dylib
0x00007ff80c3f7000 	/usr/lib/system/libsystem_darwin.dylib
0x00007ff8150b3000 	/usr/lib/system/libsystem_dnssd.dylib
0x00007ff809d6d000 	/usr/lib/system/libsystem_featureflags.dylib
0x00007ff809ec1000 	/usr/lib/system/libsystem_info.dylib
0x00007ff814fed000 	/usr/lib/system/libsystem_m.dylib
0x00007ff809cbd000 	/usr/lib/system/libsystem_malloc.dylib
0x00007ff80ecc6000 	/usr/lib/system/libsystem_networkextension.dylib
0x00007ff80c81f000 	/usr/lib/system/libsystem_notify.dylib
0x00007ff81b2ad000 	/usr/lib/system/libsystem_product_info_filter.dylib
0x00007ff813920000 	/usr/lib/system/libsystem_sandbox.dylib
0x00007ff8150ad000 	/usr/lib/system/libsystem_secinit.dylib
0x00007ff809e68000 	/usr/lib/system/libsystem_kernel.dylib
0x00007ff809eb7000 	/usr/lib/system/libsystem_platform.dylib
0x00007ff809e9f000 	/usr/lib/system/libsystem_pthread.dylib
0x00007ff8105ed000 	/usr/lib/system/libsystem_symptoms.dylib
0x00007ff809c11000 	/usr/lib/system/libsystem_trace.dylib
0x00007ff815083000 	/usr/lib/system/libunwind.dylib
0x00007ff809bda000 	/usr/lib/system/libxpc.dylib
0x00007ff809e52000 	/usr/lib/libc++abi.dylib
0x00007ff81508e000 	/usr/lib/liboah.dylib
0x00007ff81581f000 	/usr/lib/liblzma.5.dylib
0x00007ff80a9a9000 	/System/Library/Frameworks/SystemConfiguration.framework/Versions/A/SystemConfiguration
0x00007ff8150c2000 	/usr/lib/libfakelink.dylib
0x00007ff80e830000 	/System/Library/Frameworks/CFNetwork.framework/Versions/A/CFNetwork
0x00007ff815201000 	/usr/lib/libarchive.2.dylib
0x00007ff813927000 	/System/Library/PrivateFrameworks/AppleSystemInfo.framework/Versions/A/AppleSystemInfo
0x00007ff81470c000 	/usr/lib/libbsm.0.dylib
0x00007ff80de67000 	/usr/lib/libnetwork.dylib
0x00007ff81505b000 	/usr/lib/system/libkxld.dylib
0x00007ff81433b000 	/System/Library/PrivateFrameworks/IOMobileFramebuffer.framework/Versions/A/IOMobileFramebuffer
0x00007ffb1fb3d000 	/usr/lib/libCoreEntitlements.dylib
0x00007ff814d70000 	/System/Library/PrivateFrameworks/AppleFSCompression.framework/Versions/A/AppleFSCompression
0x00007ff8146f5000 	/usr/lib/libcoretls.dylib
0x00007ff815839000 	/usr/lib/libcoretls_cfhelpers.dylib
0x00007ff815341000 	/usr/lib/libpam.2.dylib
0x00007ff810213000 	/usr/lib/libsqlite3.dylib
0x00007ff8158a8000 	/usr/lib/libxar.1.dylib
0x00007ff814d80000 	/usr/lib/libbz2.1.0.dylib
0x00007ff8150c7000 	/usr/lib/libpcap.A.dylib
0x00007ff8105e4000 	/usr/lib/libdns_services.dylib
0x00007ff815313000 	/usr/lib/libapple_nghttp2.dylib
0x00007ff8150fe000 	/usr/lib/libiconv.2.dylib
0x00007ff815054000 	/usr/lib/libcharset.1.dylib
0x00007ff8119c0000 	/System/Library/Frameworks/CoreServices.framework/Versions/A/Frameworks/FSEvents.framework/Versions/A/FSEvents
0x00007ff80c401000 	/System/Library/Frameworks/CoreServices.framework/Versions/A/Frameworks/CarbonCore.framework/Versions/A/CarbonCore
0x00007ff810828000 	/System/Library/Frameworks/CoreServices.framework/Versions/A/Frameworks/Metadata.framework/Versions/A/Metadata
0x00007ff814d93000 	/System/Library/Frameworks/CoreServices.framework/Versions/A/Frameworks/OSServices.framework/Versions/A/OSServices
0x00007ff815287000 	/System/Library/Frameworks/CoreServices.framework/Versions/A/Frameworks/SearchKit.framework/Versions/A/SearchKit
0x00007ff810576000 	/System/Library/Frameworks/CoreServices.framework/Versions/A/Frameworks/AE.framework/Versions/A/AE
0x00007ff80a3ed000 	/System/Library/Frameworks/CoreServices.framework/Versions/A/Frameworks/LaunchServices.framework/Versions/A/LaunchServices
0x00007ff8157d0000 	/System/Library/Frameworks/CoreServices.framework/Versions/A/Frameworks/DictionaryServices.framework/Versions/A/DictionaryServices
0x00007ff8119cd000 	/System/Library/Frameworks/CoreServices.framework/Versions/A/Frameworks/SharedFileList.framework/Versions/A/SharedFileList
0x00007ff8146e9000 	/usr/lib/libCheckFix.dylib
0x00007ff80ed40000 	/System/Library/PrivateFrameworks/TCC.framework/Versions/A/TCC
0x00007ff81392d000 	/System/Library/PrivateFrameworks/CoreNLP.framework/Versions/A/CoreNLP
0x00007ff8107d8000 	/System/Library/PrivateFrameworks/MetadataUtilities.framework/Versions/A/MetadataUtilities
0x00007ff80aa59000 	/usr/lib/libmecabra.dylib
0x00007ff81471c000 	/usr/lib/libmecab.dylib
0x00007ff80aa24000 	/usr/lib/libCRFSuite.dylib
0x00007ff814779000 	/usr/lib/libgermantok.dylib
0x00007ff8152ee000 	/usr/lib/libThaiTokenizer.dylib
0x00007ff8108ca000 	/System/Library/Frameworks/Accelerate.framework/Versions/A/Frameworks/vImage.framework/Versions/A/vImage
0x00007ff81b3ad000 	/System/Library/Frameworks/Accelerate.framework/Versions/A/Frameworks/vecLib.framework/Versions/A/vecLib
0x00007ff8158e9000 	/System/Library/Frameworks/Accelerate.framework/Versions/A/Frameworks/vecLib.framework/Versions/A/libvMisc.dylib
0x00007ff81412f000 	/System/Library/Frameworks/Accelerate.framework/Versions/A/Frameworks/vecLib.framework/Versions/A/libvDSP.dylib
0x00007ff80a765000 	/System/Library/Frameworks/Accelerate.framework/Versions/A/Frameworks/vecLib.framework/Versions/A/libBLAS.dylib
0x00007ff815423000 	/System/Library/Frameworks/Accelerate.framework/Versions/A/Frameworks/vecLib.framework/Versions/A/libLAPACK.dylib
0x00007ff81477c000 	/System/Library/Frameworks/Accelerate.framework/Versions/A/Frameworks/vecLib.framework/Versions/A/libLinearAlgebra.dylib
0x00007ff81532c000 	/System/Library/Frameworks/Accelerate.framework/Versions/A/Frameworks/vecLib.framework/Versions/A/libSparseBLAS.dylib
0x00007ff81541d000 	/System/Library/Frameworks/Accelerate.framework/Versions/A/Frameworks/vecLib.framework/Versions/A/libQuadrature.dylib
0x00007ff813a17000 	/System/Library/Frameworks/Accelerate.framework/Versions/A/Frameworks/vecLib.framework/Versions/A/libBNNS.dylib
0x00007ff80a93a000 	/System/Library/Frameworks/Accelerate.framework/Versions/A/Frameworks/vecLib.framework/Versions/A/libSparse.dylib
0x00007ff813a10000 	/System/Library/PrivateFrameworks/LinguisticData.framework/Versions/A/LinguisticData
0x00007ff80a8ef000 	/System/Library/PrivateFrameworks/Lexicon.framework/Versions/A/Lexicon
0x00007ff8158e2000 	/usr/lib/libChineseTokenizer.dylib
0x00007ff80b053000 	/System/Library/PrivateFrameworks/LanguageModeling.framework/Versions/A/LanguageModeling
0x00007ff8152f0000 	/System/Library/PrivateFrameworks/AppleSauce.framework/Versions/A/AppleSauce
0x00007ff814329000 	/System/Library/PrivateFrameworks/CoreEmoji.framework/Versions/A/CoreEmoji
0x00007ff8151f0000 	/usr/lib/libcmph.dylib
0x00007ff8119a4000 	/System/Library/Frameworks/OpenDirectory.framework/Versions/A/Frameworks/CFOpenDirectory.framework/Versions/A/CFOpenDirectory
0x00007ff811998000 	/System/Library/Frameworks/OpenDirectory.framework/Versions/A/OpenDirectory
0x00007ff81583b000 	/System/Library/PrivateFrameworks/APFS.framework/Versions/A/APFS
0x00007ff81464a000 	/System/Library/Frameworks/SecurityFoundation.framework/Versions/A/SecurityFoundation
0x00007ff8158b6000 	/usr/lib/libutil.dylib
0x00007ff80c72c000 	/System/Library/PrivateFrameworks/CoreServicesStore.framework/Versions/A/CoreServicesStore
0x00007ff8158ba000 	/usr/lib/libxslt.1.dylib
0x00007ff8146d7000 	/System/Library/PrivateFrameworks/BackgroundTaskManagement.framework/Versions/A/BackgroundTaskManagement
0x00007ff816de3000 	/System/Library/Frameworks/ImageIO.framework/Versions/A/Resources/libRadiance.dylib
0x00007ff816dec000 	/System/Library/Frameworks/ImageIO.framework/Versions/A/Resources/libJPEG.dylib
0x00007ff816d3d000 	/System/Library/Frameworks/ImageIO.framework/Versions/A/Resources/libPng.dylib
0x00007ff816d5e000 	/System/Library/Frameworks/ImageIO.framework/Versions/A/Resources/libTIFF.dylib
0x00007ff816e4a000 	/System/Library/Frameworks/ImageIO.framework/Versions/A/Resources/libGIF.dylib
0x00007ff816672000 	/System/Library/Frameworks/ImageIO.framework/Versions/A/Resources/libJP2.dylib
0x00007ff815db4000 	/usr/lib/libexpat.1.dylib
0x00007ff816627000 	/System/Library/PrivateFrameworks/AppleJPEG.framework/Versions/A/AppleJPEG
0x00007ff812e6e000 	/System/Library/PrivateFrameworks/FontServices.framework/libFontParser.dylib
0x00007ff810520000 	/System/Library/PrivateFrameworks/RunningBoardServices.framework/Versions/A/RunningBoardServices
0x00007ff82154d000 	/System/Library/PrivateFrameworks/IOSurfaceAccelerator.framework/Versions/A/IOSurfaceAccelerator
0x00007ff816751000 	/System/Library/PrivateFrameworks/WatchdogClient.framework/Versions/A/WatchdogClient
0x00007ff80b142000 	/System/Library/Frameworks/CoreDisplay.framework/Versions/A/CoreDisplay
0x00007ff812d6e000 	/System/Library/Frameworks/CoreMedia.framework/Versions/A/CoreMedia
0x00007ff812c0b000 	/System/Library/PrivateFrameworks/IOAccelerator.framework/Versions/A/IOAccelerator
0x00007ff811b20000 	/System/Library/Frameworks/CoreVideo.framework/Versions/A/CoreVideo
0x00007ff81533f000 	/System/Library/Frameworks/MetalPerformanceShaders.framework/Versions/A/MetalPerformanceShaders
0x00007ff81678c000 	/System/Library/Frameworks/VideoToolbox.framework/Versions/A/VideoToolbox
0x00007ff810468000 	/System/Library/PrivateFrameworks/BaseBoard.framework/Versions/A/BaseBoard
0x00007ff8101f9000 	/System/Library/PrivateFrameworks/ProtocolBuffer.framework/Versions/A/ProtocolBuffer
0x00007ff816ddc000 	/System/Library/PrivateFrameworks/GPUWrangler.framework/Versions/A/GPUWrangler
0x00007ff816dbf000 	/System/Library/PrivateFrameworks/IOPresentment.framework/Versions/A/IOPresentment
0x00007ff816de6000 	/System/Library/PrivateFrameworks/DSExternalDisplay.framework/Versions/A/DSExternalDisplay
0x00007ffa2218f000 	/System/Library/Frameworks/OpenGL.framework/Versions/A/Libraries/libCoreFSCache.dylib
0x00007ffb0e13c000 	/System/Library/PrivateFrameworks/GPUCompiler.framework/Versions/31001/Libraries/libGPUCompilerUtils.dylib
0x00007ff816e4f000 	/System/Library/PrivateFrameworks/CMCaptureCore.framework/Versions/A/CMCaptureCore
0x00007ff816360000 	/System/Library/PrivateFrameworks/AppServerSupport.framework/Versions/A/AppServerSupport
0x00007ff81852a000 	/System/Library/PrivateFrameworks/perfdata.framework/Versions/A/perfdata
0x00007ff80b26e000 	/System/Library/PrivateFrameworks/AudioToolboxCore.framework/Versions/A/AudioToolboxCore
0x00007ff812d4b000 	/System/Library/PrivateFrameworks/caulk.framework/Versions/A/caulk
0x00007ff817e57000 	/usr/lib/libAudioStatistics.dylib
0x00007ff90efeb000 	/System/Library/PrivateFrameworks/SystemPolicy.framework/Versions/A/SystemPolicy
0x00007ff8180a3000 	/usr/lib/libSMC.dylib
0x00007ff820e8f000 	/System/Library/Frameworks/CoreMIDI.framework/Versions/A/CoreMIDI
0x00007ff816d0d000 	/usr/lib/libAudioToolboxUtility.dylib
0x00007ff90b473000 	/System/Library/PrivateFrameworks/OSAServicesClient.framework/Versions/A/OSAServicesClient
0x00007ff818537000 	/usr/lib/libperfcheck.dylib
0x00007ff90fa77000 	/usr/lib/libmis.dylib
0x00007ffa221eb000 	/System/Library/Frameworks/OpenGL.framework/Versions/A/Libraries/libGLU.dylib
0x00007ffa221ae000 	/System/Library/Frameworks/OpenGL.framework/Versions/A/Libraries/libGFXShared.dylib
0x00007ffa223bc000 	/System/Library/Frameworks/OpenGL.framework/Versions/A/Libraries/libGL.dylib
0x00007ffa221b7000 	/System/Library/Frameworks/OpenGL.framework/Versions/A/Libraries/libGLImage.dylib
0x00007ffa221ab000 	/System/Library/Frameworks/OpenGL.framework/Versions/A/Libraries/libCVMSPluginSupport.dylib
0x00007ffa22196000 	/System/Library/Frameworks/OpenGL.framework/Versions/A/Libraries/libCoreVMClient.dylib
0x00007ff8138ab000 	/System/Library/Frameworks/MetalPerformanceShaders.framework/Versions/A/Frameworks/MPSCore.framework/Versions/A/MPSCore
0x00007ff814cdb000 	/System/Library/Frameworks/MetalPerformanceShaders.framework/Versions/A/Frameworks/MPSImage.framework/Versions/A/MPSImage
0x00007ff814792000 	/System/Library/Frameworks/MetalPerformanceShaders.framework/Versions/A/Frameworks/MPSNeuralNetwork.framework/Versions/A/MPSNeuralNetwork
0x00007ff814c07000 	/System/Library/Frameworks/MetalPerformanceShaders.framework/Versions/A/Frameworks/MPSMatrix.framework/Versions/A/MPSMatrix
0x00007ff8149c3000 	/System/Library/Frameworks/MetalPerformanceShaders.framework/Versions/A/Frameworks/MPSRayIntersector.framework/Versions/A/MPSRayIntersector
0x00007ff814c40000 	/System/Library/Frameworks/MetalPerformanceShaders.framework/Versions/A/Frameworks/MPSNDArray.framework/Versions/A/MPSNDArray
0x00007ffa26d94000 	/System/Library/Frameworks/MetalPerformanceShaders.framework/Versions/A/Frameworks/MPSFunctions.framework/Versions/A/MPSFunctions
0x00007ff80a648000 	/System/Library/PrivateFrameworks/MetalTools.framework/Versions/A/MetalTools
0x00007ff813925000 	/System/Library/PrivateFrameworks/AggregateDictionary.framework/Versions/A/AggregateDictionary
0x00007ff815b96000 	/usr/lib/libIOReport.dylib
0x00007ffa237cb000 	/System/Library/Frameworks/OpenCL.framework/Versions/A/OpenCL
0x00007ff815efa000 	/System/Library/PrivateFrameworks/FaceCore.framework/Versions/A/FaceCore
0x00007ff815eeb000 	/System/Library/PrivateFrameworks/GraphVisualizer.framework/Versions/A/GraphVisualizer
0x00007ffb0e047000 	/System/Library/PrivateFrameworks/FontServices.framework/Versions/A/FontServices
0x00007ff816317000 	/System/Library/PrivateFrameworks/OTSVG.framework/Versions/A/OTSVG
0x00007ff811708000 	/System/Library/Frameworks/ApplicationServices.framework/Versions/A/Frameworks/ATS.framework/Versions/A/Resources/libFontRegistry.dylib
0x00007ff816368000 	/System/Library/PrivateFrameworks/FontServices.framework/libhvf.dylib
0x00007ffb0e048000 	/System/Library/PrivateFrameworks/FontServices.framework/libXTFontStaticRegistryData.dylib
0x00007ff815d64000 	/System/Library/PrivateFrameworks/AppleVA.framework/Versions/A/AppleVA
0x00007ff817e77000 	/System/Library/Frameworks/ApplicationServices.framework/Versions/A/Frameworks/ATS.framework/Versions/A/ATS
0x00007ff80f916000 	/System/Library/Frameworks/ApplicationServices.framework/Versions/A/Frameworks/HIServices.framework/Versions/A/HIServices
0x00007ff816e59000 	/System/Library/Frameworks/ApplicationServices.framework/Versions/A/Frameworks/PrintCore.framework/Versions/A/PrintCore
0x00007ff8181f6000 	/System/Library/Frameworks/ApplicationServices.framework/Versions/A/Frameworks/QD.framework/Versions/A/QD
0x00007ff8181ee000 	/System/Library/Frameworks/ApplicationServices.framework/Versions/A/Frameworks/ColorSyncLegacy.framework/Versions/A/ColorSyncLegacy
0x00007ff817e67000 	/System/Library/Frameworks/ApplicationServices.framework/Versions/A/Frameworks/SpeechSynthesis.framework/Versions/A/SpeechSynthesis
0x00007ff816e1a000 	/System/Library/Frameworks/ApplicationServices.framework/Versions/A/Frameworks/ATSUI.framework/Versions/A/ATSUI
0x00007ff818183000 	/usr/lib/libcups.2.dylib
0x00007ff818546000 	/System/Library/Frameworks/Kerberos.framework/Versions/A/Kerberos
0x00007ff818555000 	/System/Library/Frameworks/GSS.framework/Versions/A/GSS
0x00007ff817ee3000 	/usr/lib/libresolv.9.dylib
0x00007ff816377000 	/System/Library/PrivateFrameworks/Heimdal.framework/Versions/A/Heimdal
0x00007ff81eff9000 	/System/Library/Frameworks/Kerberos.framework/Versions/A/Libraries/libHeimdalProxy.dylib
0x00007ff8105f5000 	/System/Library/Frameworks/Network.framework/Versions/A/Network
0x00007ff815dce000 	/usr/lib/libheimdal-asn1.dylib
0x00007ff8185a0000 	/System/Library/PrivateFrameworks/CommonAuth.framework/Versions/A/CommonAuth
0x00007ff817de8000 	/System/Library/PrivateFrameworks/AudioSession.framework/Versions/A/AudioSession
0x00007ff815e5e000 	/System/Library/PrivateFrameworks/MediaExperience.framework/Versions/A/MediaExperience
0x00007ff817c7c000 	/System/Library/PrivateFrameworks/AudioSession.framework/libSessionUtility.dylib
0x00007ff818202000 	/System/Library/PrivateFrameworks/AudioResourceArbitration.framework/Versions/A/AudioResourceArbitration
0x00007ff815dd7000 	/System/Library/PrivateFrameworks/IconFoundation.framework/Versions/A/IconFoundation
0x00007ff81afdc000 	/System/Library/PrivateFrameworks/SpeechRecognitionCore.framework/Versions/A/SpeechRecognitionCore
0x00007ffa13662000 	/System/Library/CoreServices/Encodings/libSimplifiedChineseConverter.dylib
0x000000010b548000 	/Library/Java/JavaVirtualMachines/jdk1.8.0_301.jdk/Contents/Home/jre/lib/server/libjvm.dylib
0x000000010a796000 	/Library/Java/JavaVirtualMachines/jdk1.8.0_301.jdk/Contents/Home/jre/lib/libverify.dylib
0x000000010a7ed000 	/Library/Java/JavaVirtualMachines/jdk1.8.0_301.jdk/Contents/Home/jre/lib/libjava.dylib
0x000000010a864000 	/Library/Java/JavaVirtualMachines/jdk1.8.0_301.jdk/Contents/Home/jre/lib/libinstrument.dylib
0x000000010a943000 	/private/var/folders/pd/78m7lvn10197hsgv48rqk1p00000gn/T/libasyncProfiler.so
0x000000010a8f0000 	/Library/Java/JavaVirtualMachines/jdk1.8.0_301.jdk/Contents/Home/jre/lib/libzip.dylib
0x000000012888c000 	/Library/Java/JavaVirtualMachines/jdk1.8.0_301.jdk/Contents/Home/jre/lib/libnet.dylib
0x000000010c5b7000 	/Library/Java/JavaVirtualMachines/jdk1.8.0_301.jdk/Contents/Home/jre/lib/libmanagement.dylib
0x000000010c647000 	/Library/Java/JavaVirtualMachines/jdk1.8.0_301.jdk/Contents/Home/jre/lib/libnio.dylib

VM Arguments:
jvm_args: -XX:TieredStopAtLevel=1 -Xverify:none -Dspring.output.ansi.enabled=always -Dcom.sun.management.jmxremote -Dspring.jmx.enabled=true -Dspring.liveBeansView.mbeanDomain -Dspring.application.admin.enabled=true -javaagent:/Users/zhanghaorui/Library/Application Support/JetBrains/Toolbox/apps/IDEA-U/ch-0/213.6777.52/IntelliJ IDEA.app/Contents/lib/idea_rt.jar=58415:/Users/zhanghaorui/Library/Application Support/JetBrains/Toolbox/apps/IDEA-U/ch-0/213.6777.52/IntelliJ IDEA.app/Contents/bin -agentpath:/private/var/folders/pd/78m7lvn10197hsgv48rqk1p00000gn/T/libasyncProfiler.so=start,jfr,event=cpu,interval=1ms,event=alloc,file=/Users/zhanghaorui/RedisApplication_2022_02_19_131656.jfr -Dfile.encoding=UTF-8 
java_command: com.zhang.redis.RedisApplication
java_class_path (initial): /Library/Java/JavaVirtualMachines/jdk1.8.0_301.jdk/Contents/Home/jre/lib/charsets.jar:/Library/Java/JavaVirtualMachines/jdk1.8.0_301.jdk/Contents/Home/jre/lib/deploy.jar:/Library/Java/JavaVirtualMachines/jdk1.8.0_301.jdk/Contents/Home/jre/lib/ext/cldrdata.jar:/Library/Java/JavaVirtualMachines/jdk1.8.0_301.jdk/Contents/Home/jre/lib/ext/dnsns.jar:/Library/Java/JavaVirtualMachines/jdk1.8.0_301.jdk/Contents/Home/jre/lib/ext/jaccess.jar:/Library/Java/JavaVirtualMachines/jdk1.8.0_301.jdk/Contents/Home/jre/lib/ext/jfxrt.jar:/Library/Java/JavaVirtualMachines/jdk1.8.0_301.jdk/Contents/Home/jre/lib/ext/localedata.jar:/Library/Java/JavaVirtualMachines/jdk1.8.0_301.jdk/Contents/Home/jre/lib/ext/nashorn.jar:/Library/Java/JavaVirtualMachines/jdk1.8.0_301.jdk/Contents/Home/jre/lib/ext/sunec.jar:/Library/Java/JavaVirtualMachines/jdk1.8.0_301.jdk/Contents/Home/jre/lib/ext/sunjce_provider.jar:/Library/Java/JavaVirtualMachines/jdk1.8.0_301.jdk/Contents/Home/jre/lib/ext/sunpkcs11.jar:/Library/Java/JavaVirtualMachines/jdk1.8.0_301.jdk/Contents/Home/jre/lib/ext/zipfs.jar:/Library/Java/JavaVirtualMachines/jdk1.8.0_301.jdk/Contents/Home/jre/lib/javaws.jar:/Library/Java/JavaVirtualMachines/jdk1.8.0_301.jdk/Contents/Home/jre/lib/jce.jar:/Library/Java/JavaVirtualMachines/jdk1.8.0_301.jdk/Contents/Home/jre/lib/jfr.jar:/Library/Java/JavaVirtualMachines/jdk1.8.0_301.jdk/Contents/Home/jre/lib/jfxswt.jar:/Library/Java/JavaVirtualMachines/jdk1.8.0_301.jdk/Contents/Home/jre/lib/jsse.jar:/Library/Java/JavaVirtualMachines/jdk1.8.0_301.jdk/Contents/Home/jre/lib/management-agent.jar:/Library/Java/JavaVirtualMachines/jdk1.8.0_301.jdk/Contents/Home/jre/lib/plugin.jar:/Library/Java/JavaVirtualMachines/jdk1.8.0_301.jdk/Contents/Home/jre/lib/resources.jar:/Library/Java/JavaVirtualMachines/jdk1.8.0_301.jdk/Contents/Home/jre/lib/rt.jar:/Library/Java/JavaVirtualMachines/jdk1.8.0_301.jdk/Contents/Home/lib/ant-javafx.jar:/Library/Java/JavaVirtualMachines/jdk1.8.0_301.jdk/Contents/Home
Launcher Type: SUN_STANDARD

Environment Variables:
JAVA_HOME=/Library/Java/JavaVirtualMachines/jdk1.8.0_301.jdk/Contents/Home
PATH=/opt/homebrew/bin:/opt/homebrew/sbin:/usr/local/bin:/usr/bin:/bin:/usr/sbin:/sbin:/usr/local/go/bin:/Users/zhanghaorui/.cargo/bin:/Library/Java/JavaVirtualMachines/jdk1.8.0_301.jdk/Contents/Home/bin:/Users/zhanghaorui/env/mvnd-0.7.1-darwin-amd64/bin
SHELL=/bin/zsh

Signal Handlers:
SIGSEGV: [libjvm.dylib+0x59bf91], sa_mask[0]=11111111111111111111111111111111, sa_flags=SA_ONSTACK|SA_RESTART|SA_SIGINFO
SIGBUS: [libjvm.dylib+0x59bf91], sa_mask[0]=11111111111111111111111111111111, sa_flags=SA_RESTART|SA_SIGINFO
SIGFPE: [libjvm.dylib+0x48f9b7], sa_mask[0]=11111111111111111111111111111111, sa_flags=SA_RESTART|SA_SIGINFO
SIGPIPE: [libjvm.dylib+0x48f9b7], sa_mask[0]=11111111111111111111111111111111, sa_flags=SA_RESTART|SA_SIGINFO
SIGXFSZ: [libjvm.dylib+0x48f9b7], sa_mask[0]=11111111111111111111111111111111, sa_flags=SA_RESTART|SA_SIGINFO
SIGILL: [libjvm.dylib+0x48f9b7], sa_mask[0]=11111111111111111111111111111111, sa_flags=SA_RESTART|SA_SIGINFO
SIGUSR1: SIG_DFL, sa_mask[0]=00000000000000000000000000000000, sa_flags=none
SIGUSR2: [libjvm.dylib+0x4902a6], sa_mask[0]=00100000000000000000000000000000, sa_flags=SA_RESTART|SA_SIGINFO
SIGHUP: [libjvm.dylib+0x48e503], sa_mask[0]=11111111111111111111111111111111, sa_flags=SA_RESTART|SA_SIGINFO
SIGINT: [libjvm.dylib+0x48e503], sa_mask[0]=11111111111111111111111111111111, sa_flags=SA_RESTART|SA_SIGINFO
SIGTERM: [libjvm.dylib+0x48e503], sa_mask[0]=11111111111111111111111111111111, sa_flags=SA_RESTART|SA_SIGINFO
SIGQUIT: [libjvm.dylib+0x48e503], sa_mask[0]=11111111111111111111111111111111, sa_flags=SA_RESTART|SA_SIGINFO


---------------  S Y S T E M  ---------------

OS:Bsduname:Darwin 21.1.0 Darwin Kernel Version 21.1.0: Wed Oct 13 17:33:24 PDT 2021; root:xnu-8019.41.5~1/RELEASE_ARM64_T8101 x86_64
rlimit: STACK 8176k, CORE 0k, NPROC 2666, NOFILE 10240, AS infinity
load average:4.17 2.41 1.95

CPU:total 8 (initial active 8) (1 cores per cpu, 1 threads per core) family 6 model 44 stepping 0, cmov, cx8, fxsr, mmx, sse, sse2, sse3, ssse3, sse4.1, sse4.2, popcnt, aes, clmul, tsc, tscinvbit, tscinv

Memory: 4k page, physical 16777216k(54900k free)

/proc/meminfo:


vm_info: Java HotSpot(TM) 64-Bit Server VM (25.301-b09) for bsd-amd64 JRE (1.8.0_301-b09), built on Jun  9 2021 14:35:36 by "java_re" with gcc 4.2.1 Compatible Apple LLVM 11.0.0 (clang-1100.0.33.17)

time: Sat Feb 19 13:16:58 2022
timezone: CST
elapsed time: 2.213718 seconds (0d 0h 0m 2s)

